2025-01-09 13:35:24:3524 [35mhttp[39m: [35mGET /products 200 15 - 545.433 ms[39m
[35m[39m
2025-01-09 13:41:50:4150 [35mhttp[39m: [35mPOST /products 400 36 - 669.525 ms[39m
[35m[39m
2025-01-09 13:43:04:434 [31merror[39m: [31mProduct already exists[39m
2025-01-09 13:46:41:4641 [35mhttp[39m: [35mPOST /products 400 36 - 186125.761 ms[39m
[35m[39m
2025-01-09 13:46:55:4655 [35mhttp[39m: [35mPOST /products 400 36 - 717.993 ms[39m
[35m[39m
2025-01-09 13:57:14:5714 [35mhttp[39m: [35mPOST /products 400 36 - 565595.759 ms[39m
[35m[39m
2025-01-09 13:58:21:5821 [35mhttp[39m: [35mPOST /products 201 21 - 37365.449 ms[39m
[35m[39m
2025-01-09 14:12:57:1257 [35mhttp[39m: [35mGET /products 200 217 - 631.900 ms[39m
[35m[39m
2025-01-09 14:13:15:1315 [35mhttp[39m: [35mPOST /products 201 2 - 6108.931 ms[39m
[35m[39m
2025-01-09 14:13:35:1335 [31merror[39m: [31mProduct already exists[39m
2025-01-09 14:13:35:1335 [35mhttp[39m: [35mPOST /products 400 36 - 54.689 ms[39m
[35m[39m
2025-01-09 14:14:17:1417 [31merror[39m: [31mProduct already exists[39m
2025-01-09 14:15:44:1544 [35mhttp[39m: [35mPOST /products 400 36 - 87614.725 ms[39m
[35m[39m
2025-01-09 14:43:32:4332 [35mhttp[39m: [35mPOST /products 201 2 - 128298.394 ms[39m
[35m[39m
2025-01-09 14:46:01:461 [31merror[39m: [31mProduct already exists[39m
2025-01-09 14:46:27:4627 [35mhttp[39m: [35mPOST /products 400 36 - 26173.670 ms[39m
[35m[39m
2025-01-09 14:47:16:4716 [31merror[39m: [31mProduct already exists[39m
2025-01-09 14:49:12:4912 [31merror[39m: [31mProduct already exists[39m
2025-01-09 14:49:40:4940 [35mhttp[39m: [35mPOST /products 201 51 - 28959.559 ms[39m
[35m[39m
2025-01-09 14:49:48:4948 [31merror[39m: [31mProduct already exists[39m
2025-01-09 15:15:17:1517 [35mhttp[39m: [35mPOST /products 201 51 - 1519081.032 ms[39m
[35m[39m
2025-01-09 15:17:38:1738 [31merror[39m: [31mProduct already exists[39m
2025-01-09 15:17:46:1746 [35mhttp[39m: [35mPOST /products 401 51 - 8576.131 ms[39m
[35m[39m
2025-01-09 15:18:07:187 [35mhttp[39m: [35mPOST /products 201 111 - 8257.370 ms[39m
[35m[39m
2025-01-09 15:19:38:1938 [35mhttp[39m: [35mGET /products 200 383 - 49.275 ms[39m
[35m[39m
2025-01-09 15:32:40:3240 [35mhttp[39m: [35mGET /products 200 383 - 574.165 ms[39m
[35m[39m
2025-01-09 15:32:42:3242 [31merror[39m: [31mProduct already exists[39m
2025-01-09 15:32:42:3242 [35mhttp[39m: [35mPOST /products 401 51 - 53.684 ms[39m
[35m[39m
2025-01-09 15:33:00:330 [31merror[39m: [31mProduct already exists[39m
2025-01-09 15:33:04:334 [35mhttp[39m: [35mPOST /products 401 51 - 4456.133 ms[39m
[35m[39m
2025-01-09 15:33:52:3352 [31merror[39m: [31mProduct - Repository - Product already exists[39m
2025-01-09 15:34:01:341 [35mhttp[39m: [35mPOST /products 401 51 - 9564.803 ms[39m
[35m[39m
2025-01-09 15:34:10:3410 [35mhttp[39m: [35mPOST /products 201 111 - 190.032 ms[39m
[35m[39m
2025-01-09 15:34:58:3458 [31merror[39m: [31mProduct - Repository - Product already exists[39m
2025-01-09 15:34:58:3458 [35mhttp[39m: [35mPOST /products 401 51 - 51.128 ms[39m
[35m[39m
2025-01-09 15:51:24:5124 [31merror[39m: [31mProduct - Repository - Product already exists[39m
2025-01-09 15:51:24:5124 [35mhttp[39m: [35mPOST /products 401 51 - 5758.770 ms[39m
[35m[39m
2025-01-09 16:09:28:928 [35mhttp[39m: [35mPOST /products 403 1661 - 6.265 ms[39m
[35m[39m
2025-01-09 16:17:16:1716 [35mhttp[39m: [35mPOST /products 403 53 - 6.049 ms[39m
[35m[39m
2025-01-09 16:32:34:3234 [35mhttp[39m: [35mGET /products 200 424 - 569.605 ms[39m
[35m[39m
2025-01-09 16:32:44:3244 [35mhttp[39m: [35mPOST /products 403 52 - 1.108 ms[39m
[35m[39m
2025-01-09 16:32:57:3257 [31merror[39m: [31mProduct - Repository - Product already exists[39m
2025-01-09 16:32:57:3257 [35mhttp[39m: [35mPOST /products 401 51 - 4749.712 ms[39m
[35m[39m
2025-01-10 12:20:25:2025 [35mhttp[39m: [35mPOST /products 403 52 - 3.967 ms[39m
[35m[39m
2025-01-10 12:21:05:215 [35mhttp[39m: [35mPOST /users/register 403 54 - 5.939 ms[39m
[35m[39m
2025-01-10 12:21:10:2110 [35mhttp[39m: [35mPOST /users/register 403 54 - 0.836 ms[39m
[35m[39m
2025-01-10 12:21:18:2118 [35mhttp[39m: [35mPOST /users/register 403 53 - 1.080 ms[39m
[35m[39m
2025-01-10 12:23:43:2343 [35mhttp[39m: [35mPOST /users/register 201 111 - 139360.139 ms[39m
[35m[39m
2025-01-10 12:24:16:2416 [31merror[39m: [31mUser - Repository - User already exists[39m
2025-01-10 12:24:16:2416 [35mhttp[39m: [35mPOST /users/register 401 50 - 550.897 ms[39m
[35m[39m
2025-01-10 12:28:24:2824 [35mhttp[39m: [35mPOST /users/register 201 112 - 1565.083 ms[39m
[35m[39m
2025-01-10 12:31:31:3131 [35mhttp[39m: [35mPOST /users/register 201 113 - 118408.996 ms[39m
[35m[39m
2025-01-10 14:49:31:4931 [31merror[39m: [31mUser prop id, active status or role not found[39m
2025-01-10 14:50:22:5022 [31merror[39m: [31mUser prop id, active status or role not found[39m
2025-01-10 14:50:35:5035 [31merror[39m: [31mUser prop id, active status or role not found[39m
2025-01-10 14:51:22:5122 [31merror[39m: [31mUser prop id, active status or role not found[39m
2025-01-10 15:05:50:550 [35mhttp[39m: [35mPOST /users/login 200 77 - 72772.038 ms[39m
[35m[39m
2025-01-10 15:07:53:753 [35mhttp[39m: [35mPOST /users/login 200 77 - 770.477 ms[39m
[35m[39m
2025-01-10 15:09:07:97 [35mhttp[39m: [35mPOST /users/login 200 77 - 15108.474 ms[39m
[35m[39m
2025-01-10 15:09:27:927 [35mhttp[39m: [35mPOST /users/login 200 77 - 137.468 ms[39m
[35m[39m
2025-01-10 15:09:30:930 [35mhttp[39m: [35mPOST /users/login 200 77 - 135.731 ms[39m
[35m[39m
2025-01-10 15:10:33:1033 [35mhttp[39m: [35mPOST /users/login 200 77 - 1237.252 ms[39m
[35m[39m
2025-01-10 15:12:09:129 [35mhttp[39m: [35mPOST /users/login 200 77 - 81385.093 ms[39m
[35m[39m
2025-01-10 15:12:29:1229 [35mhttp[39m: [35mPOST /users/login 200 114 - 10398.706 ms[39m
[35m[39m
2025-01-10 15:12:46:1246 [35mhttp[39m: [35mPOST /users/logout 200 39 - 1.114 ms[39m
[35m[39m
2025-01-10 15:13:03:133 [35mhttp[39m: [35mPOST /users/login 200 114 - 2680.422 ms[39m
[35m[39m
2025-01-10 15:13:15:1315 [35mhttp[39m: [35mPOST /users/logout 200 39 - 0.795 ms[39m
[35m[39m
2025-01-10 16:42:35:4235 [35mhttp[39m: [35mPOST /products 401 43 - 6.335 ms[39m
[35m[39m
2025-01-10 16:44:50:4450 [35mhttp[39m: [35mGET /products 401 43 - 8.480 ms[39m
[35m[39m
2025-01-10 16:44:51:4451 [35mhttp[39m: [35mGET /products 401 43 - 1.252 ms[39m
[35m[39m
2025-01-10 16:44:55:4455 [35mhttp[39m: [35mPOST /products 401 43 - 1.601 ms[39m
[35m[39m
2025-01-10 16:45:53:4553 [35mhttp[39m: [35mPOST /users/logout 200 39 - 1.066 ms[39m
[35m[39m
2025-01-10 16:45:58:4558 [35mhttp[39m: [35mGET /products 401 43 - 1.064 ms[39m
[35m[39m
2025-01-10 16:46:41:4641 [35mhttp[39m: [35mPOST /users/login 200 114 - 1241.648 ms[39m
[35m[39m
2025-01-10 16:46:55:4655 [35mhttp[39m: [35mGET /products 200 15 - 54.631 ms[39m
[35m[39m
2025-01-10 17:23:52:2352 [35mhttp[39m: [35mPOST /products 201 149 - 5756.358 ms[39m
[35m[39m
2025-01-10 17:24:03:243 [31merror[39m: [31mProduct - Repository - Product already exists[39m
2025-01-10 17:24:03:243 [35mhttp[39m: [35mPOST /products 201 15 - 3000.886 ms[39m
[35m[39m
2025-01-10 17:24:21:2421 [35mhttp[39m: [35mPOST /logout 404 146 - 1.302 ms[39m
[35m[39m
2025-01-10 17:24:31:2431 [35mhttp[39m: [35mPOST /users/logout 200 39 - 1.530 ms[39m
[35m[39m
2025-01-10 17:24:39:2439 [35mhttp[39m: [35mPOST /products 401 43 - 1.089 ms[39m
[35m[39m
2025-01-10 17:24:42:2442 [35mhttp[39m: [35mPOST /products 401 43 - 0.796 ms[39m
[35m[39m
2025-01-10 17:24:45:2445 [35mhttp[39m: [35mGET /products 401 43 - 1.038 ms[39m
[35m[39m
2025-01-10 17:26:58:2658 [35mhttp[39m: [35mPOST /users/login 200 114 - 135.828 ms[39m
[35m[39m
2025-01-10 17:27:05:275 [31merror[39m: [31mProduct - Repository - Product already exists[39m
2025-01-10 17:27:05:275 [35mhttp[39m: [35mPOST /products 201 15 - 2765.989 ms[39m
[35m[39m
2025-01-10 17:27:21:2721 [35mhttp[39m: [35mGET /products 200 69 - 53.310 ms[39m
[35m[39m
2025-01-10 17:30:48:3048 [31merror[39m: [31mProduct - Repository - Product already exists[39m
2025-01-10 17:30:53:3053 [35mhttp[39m: [35mPOST /products 201 15 - 25863.716 ms[39m
[35m[39m
2025-01-10 17:31:42:3142 [31merror[39m: [31mProduct - Repository - Product already exists[39m
2025-01-10 17:32:15:3215 [35mhttp[39m: [35mPOST /products 201 15 - 35667.051 ms[39m
[35m[39m
2025-01-10 17:32:18:3218 [31merror[39m: [31mProduct - Repository - Product already exists[39m
2025-01-10 17:32:18:3218 [35mhttp[39m: [35mPOST /products 201 15 - 136.079 ms[39m
[35m[39m
2025-01-10 17:32:41:3241 [31merror[39m: [31mProduct - Repository - Product already exists[39m
2025-01-10 17:33:42:3342 [35mhttp[39m: [35mPOST /products 201 15 - 69060.984 ms[39m
[35m[39m
2025-01-10 17:35:51:3551 [31merror[39m: [31mProduct - Repository - Product already exists[39m
2025-01-10 17:35:51:3551 [35mhttp[39m: [35mPOST /products 401 51 - 1095.862 ms[39m
[35m[39m
2025-01-10 17:35:55:3555 [31merror[39m: [31mProduct - Repository - Product already exists[39m
2025-01-10 17:35:55:3555 [35mhttp[39m: [35mPOST /products 401 51 - 149.339 ms[39m
[35m[39m
2025-01-10 17:39:03:393 [35mhttp[39m: [35mPOST /products 201 150 - 100853.586 ms[39m
[35m[39m
2025-01-10 17:39:16:3916 [35mhttp[39m: [35mGET /products 200 125 - 50.746 ms[39m
[35m[39m
2025-01-10 17:40:02:402 [35mhttp[39m: [35mGET /products 200 173 - 1282.481 ms[39m
[35m[39m
2025-01-10 17:41:36:4136 [35mhttp[39m: [35mPOST /users/logout 200 39 - 1.493 ms[39m
[35m[39m
2025-01-10 17:41:41:4141 [35mhttp[39m: [35mGET /products 401 43 - 1.192 ms[39m
[35m[39m
2025-01-10 17:41:46:4146 [35mhttp[39m: [35mPOST /products 401 43 - 0.931 ms[39m
[35m[39m
2025-01-10 17:41:52:4152 [35mhttp[39m: [35mPOST /users 404 145 - 1.496 ms[39m
[35m[39m
2025-01-10 17:45:39:4539 [35mhttp[39m: [35mPOST /api/users/signin 404 156 - 0.639 ms[39m
[35m[39m
2025-01-10 17:52:52:5252 [35mhttp[39m: [35mGET /api/users/signin 404 155 - 4.447 ms[39m
[35m[39m
2025-01-10 17:53:42:5342 [35mhttp[39m: [35mGET /api/users/signin 404 155 - 5.072 ms[39m
[35m[39m
2025-01-10 17:54:55:5455 [35mhttp[39m: [35mGET /api/users/signin 404 13 - 4.171 ms[39m
[35m[39m
2025-01-10 17:56:26:5626 [35mhttp[39m: [35mGET /api/users/signin 404 52 - 5.325 ms[39m
[35m[39m
2025-01-10 17:56:35:5635 [35mhttp[39m: [35mGET /api/users/login 404 52 - 0.422 ms[39m
[35m[39m
2025-01-10 17:56:45:5645 [35mhttp[39m: [35mGET /users/login 404 52 - 0.637 ms[39m
[35m[39m
2025-01-10 17:57:05:575 [35mhttp[39m: [35mGET /users/login/ 404 52 - 0.327 ms[39m
[35m[39m
2025-01-10 17:57:23:5723 [35mhttp[39m: [35mGET /users/login/ 404 151 - 5.037 ms[39m
[35m[39m
2025-01-10 17:57:24:5724 [35mhttp[39m: [35mGET /users/login/ 404 151 - 0.361 ms[39m
[35m[39m
2025-01-10 17:57:25:5725 [35mhttp[39m: [35mGET /users/login/ 404 151 - 0.402 ms[39m
[35m[39m
2025-01-10 17:57:55:5755 [31merror[39m: [31mUser - Repository - email not found[39m
2025-01-10 17:57:55:5755 [35mhttp[39m: [35mPOST /users/login/ 401 44 - 1069.224 ms[39m
[35m[39m
2025-01-10 17:58:18:5818 [31merror[39m: [31mUser - Repository - email not found[39m
2025-01-10 17:58:19:5819 [35mhttp[39m: [35mPOST /users/login/ 401 44 - 498.554 ms[39m
[35m[39m
2025-01-10 17:58:34:5834 [35mhttp[39m: [35mPOST /users/login/ 200 114 - 122.635 ms[39m
[35m[39m
2025-01-10 17:58:40:5840 [35mhttp[39m: [35mGET /products 200 173 - 47.071 ms[39m
[35m[39m
2025-01-10 17:58:47:5847 [35mhttp[39m: [35mPOST /users/logout 200 39 - 1.307 ms[39m
[35m[39m
2025-01-10 17:58:51:5851 [35mhttp[39m: [35mGET /products 401 43 - 1.110 ms[39m
[35m[39m
2025-01-10 17:58:57:5857 [31merror[39m: [31mUser - Repository - email not found[39m
2025-01-10 17:58:57:5857 [35mhttp[39m: [35mPOST /users/login/ 401 44 - 48.605 ms[39m
[35m[39m
2025-01-10 17:59:02:592 [35mhttp[39m: [35mPOST /users/login/ 403 53 - 0.808 ms[39m
[35m[39m
2025-01-10 17:59:07:597 [35mhttp[39m: [35mPOST /users/login/ 403 50 - 0.748 ms[39m
[35m[39m
2025-01-10 17:59:15:5915 [35mhttp[39m: [35mPOST /users/login/ 401 48 - 134.846 ms[39m
[35m[39m
2025-01-10 17:59:22:5922 [31merror[39m: [31mUser - Repository - email not found[39m
2025-01-10 17:59:22:5922 [35mhttp[39m: [35mPOST /users/login/ 401 44 - 54.793 ms[39m
[35m[39m
2025-01-10 18:00:37:037 [31merror[39m: [31mUser - Repository - email not found[39m
2025-01-10 18:00:37:037 [35mhttp[39m: [35mPOST /users/login/ 401 56 - 976.476 ms[39m
[35m[39m
2025-01-10 18:00:42:042 [35mhttp[39m: [35mPOST /users/login/ 200 114 - 140.711 ms[39m
[35m[39m
2025-01-10 18:00:47:047 [35mhttp[39m: [35mGET /products 200 173 - 47.401 ms[39m
[35m[39m
2025-01-10 18:00:55:055 [35mhttp[39m: [35mPOST /users 404 52 - 0.850 ms[39m
[35m[39m
2025-01-10 18:01:12:112 [35mhttp[39m: [35mPOST /products 500 153 - 6276.011 ms[39m
[35m[39m
2025-01-10 18:02:39:239 [35mhttp[39m: [35mPOST /users/logout 200 39 - 9.380 ms[39m
[35m[39m
2025-01-10 18:02:49:249 [35mhttp[39m: [35mPOST /users/login/ 200 114 - 1296.221 ms[39m
[35m[39m
2025-01-10 18:02:53:253 [35mhttp[39m: [35mGET /products 200 256 - 50.425 ms[39m
[35m[39m
2025-01-10 18:02:58:258 [31merror[39m: [31mProduct - Repository - Product already exists[39m
2025-01-10 18:02:59:259 [35mhttp[39m: [35mPOST /products 401 51 - 3056.693 ms[39m
[35m[39m
2025-01-10 18:03:12:312 [35mhttp[39m: [35mPOST /products 201 154 - 295.212 ms[39m
[35m[39m
2025-01-10 18:09:29:929 [35mhttp[39m: [35mPOST /products 401 43 - 2.696 ms[39m
[35m[39m
2025-01-10 18:09:29:929 [35mhttp[39m: [35mGET /products 401 43 - 0.251 ms[39m
[35m[39m
2025-01-10 18:10:56:1056 [35mhttp[39m: [35mPOST /products 401 43 - 2.862 ms[39m
[35m[39m
